/usr/local/bundle/gems/sidekiq-6.0.4/lib/sidekiq/logger.rb:108: warning: Using the last argument as keyword parameters is deprecated; maybe ** should be added to the call
/usr/local/lib/ruby/2.7.0/logger.rb:379: warning: The called method `initialize' is defined here
2020-02-25T20:48:53.842Z pid=53 tid=2rx INFO: Booting Sidekiq 6.0.4 with redis options {:url=>"redis://redis-server:6379/0", :id=>"Sidekiq-server-PID-53"}
2020-02-25T20:48:54.444Z pid=53 tid=2rx INFO: Running in ruby 2.7.0p0 (2019-12-25 revision 647ee6f091) [x86_64-linux]
2020-02-25T20:48:54.444Z pid=53 tid=2rx INFO: See LICENSE and the LGPL-3.0 for licensing details.
2020-02-25T20:48:54.444Z pid=53 tid=2rx INFO: Upgrade to Sidekiq Pro for more features and support: http://sidekiq.org
2020-02-25T20:50:07.100Z pid=53 tid=11fd class=Christies::SaleProcessingJob jid=eb54d2285f6e3b9d54aa76dc INFO: start
I, [2020-02-25T20:50:07.101547 #53]  INFO -- : sending sale 5688 to artifacts api
2020-02-25T20:50:07.485Z pid=53 tid=11fd class=Christies::SaleProcessingJob jid=eb54d2285f6e3b9d54aa76dc elapsed=0.385 INFO: done
2020-02-25T20:50:08.874Z pid=53 tid=11dt class=Christies::SaleProcessingJob jid=f99de5609b1ef5b3a890a20b INFO: start
I, [2020-02-25T20:50:08.875295 #53]  INFO -- : sending sale 5542 to artifacts api
2020-02-25T20:50:08.905Z pid=53 tid=11dt class=Christies::SaleProcessingJob jid=f99de5609b1ef5b3a890a20b elapsed=0.031 INFO: done
2020-02-25T20:50:10.264Z pid=53 tid=11dt class=Christies::SaleProcessingJob jid=bf8876e2a8c1332ffa43cca1 INFO: start
I, [2020-02-25T20:50:10.264503 #53]  INFO -- : sending sale 7310 to artifacts api
2020-02-25T20:50:10.332Z pid=53 tid=11dt class=Christies::SaleProcessingJob jid=bf8876e2a8c1332ffa43cca1 elapsed=0.068 INFO: done
2020-02-25T20:50:12.000Z pid=53 tid=11h9 class=Christies::SaleProcessingJob jid=83b9ad25e38295936fa33e13 INFO: start
I, [2020-02-25T20:50:12.001355 #53]  INFO -- : sending sale 7301 to artifacts api
2020-02-25T20:50:12.065Z pid=53 tid=11h9 class=Christies::SaleProcessingJob jid=83b9ad25e38295936fa33e13 elapsed=0.065 INFO: done
2020-02-25T20:50:14.468Z pid=53 tid=11dt class=Christies::SaleProcessingJob jid=8b734abbfd26eb1c7afc1cd4 INFO: start
I, [2020-02-25T20:50:14.470444 #53]  INFO -- : sending sale 7638 to artifacts api
2020-02-25T20:50:14.496Z pid=53 tid=11dt class=Christies::SaleProcessingJob jid=8b734abbfd26eb1c7afc1cd4 elapsed=0.028 INFO: done
2020-02-25T20:50:16.006Z pid=53 tid=11gp class=Christies::SaleProcessingJob jid=88b701f85a7e77c225c34139 INFO: start
I, [2020-02-25T20:50:16.006446 #53]  INFO -- : sending sale 5541 to artifacts api
2020-02-25T20:50:16.034Z pid=53 tid=11gp class=Christies::SaleProcessingJob jid=88b701f85a7e77c225c34139 elapsed=0.028 INFO: done
2020-02-25T20:50:17.962Z pid=53 tid=11fp class=Christies::SaleProcessingJob jid=9111a07e00e1fa928c6c955d INFO: start
I, [2020-02-25T20:50:17.965270 #53]  INFO -- : sending sale 7309 to artifacts api
2020-02-25T20:50:18.016Z pid=53 tid=11fp class=Christies::SaleProcessingJob jid=9111a07e00e1fa928c6c955d elapsed=0.054 INFO: done
2020-02-25T20:50:22.070Z pid=53 tid=11ip class=Christies::SaleProcessingJob jid=a17b289b6529d66999b218ac INFO: start
I, [2020-02-25T20:50:22.070601 #53]  INFO -- : sending sale 7306 to artifacts api
2020-02-25T20:50:22.129Z pid=53 tid=11ip class=Christies::SaleProcessingJob jid=a17b289b6529d66999b218ac elapsed=0.059 INFO: done
2020-02-25T20:50:23.004Z pid=53 tid=11il ERROR: Error fetching job: Error connecting to Redis on redis-server:6379 (Errno::ECONNREFUSED)
2020-02-25T20:50:23.004Z pid=53 tid=11il WARN: Redis::CannotConnectError: Error connecting to Redis on redis-server:6379 (Errno::ECONNREFUSED)
2020-02-25T20:50:23.004Z pid=53 tid=11il WARN: /usr/local/bundle/gems/redis-4.1.3/lib/redis/client.rb:362:in `rescue in establish_connection'
/usr/local/bundle/gems/redis-4.1.3/lib/redis/client.rb:343:in `establish_connection'
/usr/local/bundle/gems/redis-4.1.3/lib/redis/client.rb:106:in `block in connect'
/usr/local/bundle/gems/redis-4.1.3/lib/redis/client.rb:306:in `with_reconnect'
/usr/local/bundle/gems/redis-4.1.3/lib/redis/client.rb:105:in `connect'
/usr/local/bundle/gems/redis-4.1.3/lib/redis/client.rb:381:in `ensure_connected'
/usr/local/bundle/gems/redis-4.1.3/lib/redis/client.rb:231:in `block in process'
/usr/local/bundle/gems/redis-4.1.3/lib/redis/client.rb:319:in `logging'
/usr/local/bundle/gems/redis-4.1.3/lib/redis/client.rb:230:in `process'
/usr/local/bundle/gems/redis-4.1.3/lib/redis/client.rb:125:in `call'
/usr/local/bundle/gems/redis-4.1.3/lib/redis/client.rb:219:in `block in call_with_timeout'
/usr/local/bundle/gems/redis-4.1.3/lib/redis/client.rb:292:in `with_socket_timeout'
/usr/local/bundle/gems/redis-4.1.3/lib/redis/client.rb:218:in `call_with_timeout'
/usr/local/bundle/gems/redis-4.1.3/lib/redis.rb:1186:in `block in _bpop'
/usr/local/bundle/gems/redis-4.1.3/lib/redis.rb:52:in `block in synchronize'
/usr/local/lib/ruby/2.7.0/monitor.rb:202:in `synchronize'
/usr/local/lib/ruby/2.7.0/monitor.rb:202:in `mon_synchronize'
/usr/local/bundle/gems/redis-4.1.3/lib/redis.rb:52:in `synchronize'
/usr/local/bundle/gems/redis-4.1.3/lib/redis.rb:1183:in `_bpop'
/usr/local/bundle/gems/redis-4.1.3/lib/redis.rb:1228:in `brpop'
/usr/local/bundle/gems/sidekiq-6.0.4/lib/sidekiq/fetch.rb:37:in `block in retrieve_work'
/usr/local/bundle/gems/sidekiq-6.0.4/lib/sidekiq.rb:97:in `block in redis'
/usr/local/bundle/gems/connection_pool-2.2.2/lib/connection_pool.rb:65:in `block (2 levels) in with'
/usr/local/bundle/gems/connection_pool-2.2.2/lib/connection_pool.rb:64:in `handle_interrupt'
/usr/local/bundle/gems/connection_pool-2.2.2/lib/connection_pool.rb:64:in `block in with'
/usr/local/bundle/gems/connection_pool-2.2.2/lib/connection_pool.rb:61:in `handle_interrupt'
/usr/local/bundle/gems/connection_pool-2.2.2/lib/connection_pool.rb:61:in `with'
/usr/local/bundle/gems/sidekiq-6.0.4/lib/sidekiq.rb:94:in `redis'
/usr/local/bundle/gems/sidekiq-6.0.4/lib/sidekiq/fetch.rb:37:in `retrieve_work'
/usr/local/bundle/gems/sidekiq-6.0.4/lib/sidekiq/processor.rb:83:in `get_one'
/usr/local/bundle/gems/sidekiq-6.0.4/lib/sidekiq/processor.rb:95:in `fetch'
/usr/local/bundle/gems/sidekiq-6.0.4/lib/sidekiq/processor.rb:77:in `process_one'
/usr/local/bundle/gems/sidekiq-6.0.4/lib/sidekiq/processor.rb:68:in `run'
/usr/local/bundle/gems/sidekiq-6.0.4/lib/sidekiq/util.rb:15:in `watchdog'
/usr/local/bundle/gems/sidekiq-6.0.4/lib/sidekiq/util.rb:24:in `block in safe_thread'
2020-02-25T20:50:23.010Z pid=53 tid=11fd ERROR: Error fetching job: Error connecting to Redis on redis-server:6379 (Errno::ECONNREFUSED)
2020-02-25T20:50:23.010Z pid=53 tid=11fd WARN: Redis::CannotConnectError: Error connecting to Redis on redis-server:6379 (Errno::ECONNREFUSED)
2020-02-25T20:50:23.010Z pid=53 tid=11fd WARN: /usr/local/bundle/gems/redis-4.1.3/lib/redis/client.rb:362:in `rescue in establish_connection'
/usr/local/bundle/gems/redis-4.1.3/lib/redis/client.rb:343:in `establish_connection'
/usr/local/bundle/gems/redis-4.1.3/lib/redis/client.rb:106:in `block in connect'
/usr/local/bundle/gems/redis-4.1.3/lib/redis/client.rb:306:in `with_reconnect'
/usr/local/bundle/gems/redis-4.1.3/lib/redis/client.rb:105:in `connect'
/usr/local/bundle/gems/redis-4.1.3/lib/redis/client.rb:381:in `ensure_connected'
/usr/local/bundle/gems/redis-4.1.3/lib/redis/client.rb:231:in `block in process'
/usr/local/bundle/gems/redis-4.1.3/lib/redis/client.rb:319:in `logging'
/usr/local/bundle/gems/redis-4.1.3/lib/redis/client.rb:230:in `process'
/usr/local/bundle/gems/redis-4.1.3/lib/redis/client.rb:125:in `call'
/usr/local/bundle/gems/redis-4.1.3/lib/redis/client.rb:219:in `block in call_with_timeout'
/usr/local/bundle/gems/redis-4.1.3/lib/redis/client.rb:292:in `with_socket_timeout'
/usr/local/bundle/gems/redis-4.1.3/lib/redis/client.rb:218:in `call_with_timeout'
/usr/local/bundle/gems/redis-4.1.3/lib/redis.rb:1186:in `block in _bpop'
/usr/local/bundle/gems/redis-4.1.3/lib/redis.rb:52:in `block in synchronize'
/usr/local/lib/ruby/2.7.0/monitor.rb:202:in `synchronize'
/usr/local/lib/ruby/2.7.0/monitor.rb:202:in `mon_synchronize'
/usr/local/bundle/gems/redis-4.1.3/lib/redis.rb:52:in `synchronize'
/usr/local/bundle/gems/redis-4.1.3/lib/redis.rb:1183:in `_bpop'
/usr/local/bundle/gems/redis-4.1.3/lib/redis.rb:1228:in `brpop'
/usr/local/bundle/gems/sidekiq-6.0.4/lib/sidekiq/fetch.rb:37:in `block in retrieve_work'
/usr/local/bundle/gems/sidekiq-6.0.4/lib/sidekiq.rb:97:in `block in redis'
/usr/local/bundle/gems/connection_pool-2.2.2/lib/connection_pool.rb:65:in `block (2 levels) in with'
/usr/local/bundle/gems/connection_pool-2.2.2/lib/connection_pool.rb:64:in `handle_interrupt'
/usr/local/bundle/gems/connection_pool-2.2.2/lib/connection_pool.rb:64:in `block in with'
/usr/local/bundle/gems/connection_pool-2.2.2/lib/connection_pool.rb:61:in `handle_interrupt'
/usr/local/bundle/gems/connection_pool-2.2.2/lib/connection_pool.rb:61:in `with'
/usr/local/bundle/gems/sidekiq-6.0.4/lib/sidekiq.rb:94:in `redis'
/usr/local/bundle/gems/sidekiq-6.0.4/lib/sidekiq/fetch.rb:37:in `retrieve_work'
/usr/local/bundle/gems/sidekiq-6.0.4/lib/sidekiq/processor.rb:83:in `get_one'
/usr/local/bundle/gems/sidekiq-6.0.4/lib/sidekiq/processor.rb:95:in `fetch'
/usr/local/bundle/gems/sidekiq-6.0.4/lib/sidekiq/processor.rb:77:in `process_one'
/usr/local/bundle/gems/sidekiq-6.0.4/lib/sidekiq/processor.rb:68:in `run'
/usr/local/bundle/gems/sidekiq-6.0.4/lib/sidekiq/util.rb:15:in `watchdog'
/usr/local/bundle/gems/sidekiq-6.0.4/lib/sidekiq/util.rb:24:in `block in safe_thread'
2020-02-25T20:50:23.011Z pid=53 tid=11i1 ERROR: Error fetching job: Error connecting to Redis on redis-server:6379 (Errno::ECONNREFUSED)
2020-02-25T20:50:23.012Z pid=53 tid=11gp ERROR: Error fetching job: Error connecting to Redis on redis-server:6379 (Errno::ECONNREFUSED)
2020-02-25T20:50:23.021Z pid=53 tid=11gp WARN: Redis::CannotConnectError: Error connecting to Redis on redis-server:6379 (Errno::ECONNREFUSED)
2020-02-25T20:50:23.021Z pid=53 tid=11gp WARN: /usr/local/bundle/gems/redis-4.1.3/lib/redis/client.rb:362:in `rescue in establish_connection'
/usr/local/bundle/gems/redis-4.1.3/lib/redis/client.rb:343:in `establish_connection'
/usr/local/bundle/gems/redis-4.1.3/lib/redis/client.rb:106:in `block in connect'
/usr/local/bundle/gems/redis-4.1.3/lib/redis/client.rb:306:in `with_reconnect'
/usr/local/bundle/gems/redis-4.1.3/lib/redis/client.rb:105:in `connect'
/usr/local/bundle/gems/redis-4.1.3/lib/redis/client.rb:381:in `ensure_connected'
/usr/local/bundle/gems/redis-4.1.3/lib/redis/client.rb:231:in `block in process'
/usr/local/bundle/gems/redis-4.1.3/lib/redis/client.rb:319:in `logging'
/usr/local/bundle/gems/redis-4.1.3/lib/redis/client.rb:230:in `process'
/usr/local/bundle/gems/redis-4.1.3/lib/redis/client.rb:125:in `call'
/usr/local/bundle/gems/redis-4.1.3/lib/redis/client.rb:219:in `block in call_with_timeout'
/usr/local/bundle/gems/redis-4.1.3/lib/redis/client.rb:292:in `with_socket_timeout'
/usr/local/bundle/gems/redis-4.1.3/lib/redis/client.rb:218:in `call_with_timeout'
/usr/local/bundle/gems/redis-4.1.3/lib/redis.rb:1186:in `block in _bpop'
/usr/local/bundle/gems/redis-4.1.3/lib/redis.rb:52:in `block in synchronize'
/usr/local/lib/ruby/2.7.0/monitor.rb:202:in `synchronize'
/usr/local/lib/ruby/2.7.0/monitor.rb:202:in `mon_synchronize'
/usr/local/bundle/gems/redis-4.1.3/lib/redis.rb:52:in `synchronize'
/usr/local/bundle/gems/redis-4.1.3/lib/redis.rb:1183:in `_bpop'
/usr/local/bundle/gems/redis-4.1.3/lib/redis.rb:1228:in `brpop'
/usr/local/bundle/gems/sidekiq-6.0.4/lib/sidekiq/fetch.rb:37:in `block in retrieve_work'
/usr/local/bundle/gems/sidekiq-6.0.4/lib/sidekiq.rb:97:in `block in redis'
/usr/local/bundle/gems/connection_pool-2.2.2/lib/connection_pool.rb:65:in `block (2 levels) in with'
/usr/local/bundle/gems/connection_pool-2.2.2/lib/connection_pool.rb:64:in `handle_interrupt'
/usr/local/bundle/gems/connection_pool-2.2.2/lib/connection_pool.rb:64:in `block in with'
/usr/local/bundle/gems/connection_pool-2.2.2/lib/connection_pool.rb:61:in `handle_interrupt'
/usr/local/bundle/gems/connection_pool-2.2.2/lib/connection_pool.rb:61:in `with'
/usr/local/bundle/gems/sidekiq-6.0.4/lib/sidekiq.rb:94:in `redis'
/usr/local/bundle/gems/sidekiq-6.0.4/lib/sidekiq/fetch.rb:37:in `retrieve_work'
/usr/local/bundle/gems/sidekiq-6.0.4/lib/sidekiq/processor.rb:83:in `get_one'
/usr/local/bundle/gems/sidekiq-6.0.4/lib/sidekiq/processor.rb:95:in `fetch'
/usr/local/bundle/gems/sidekiq-6.0.4/lib/sidekiq/processor.rb:77:in `process_one'
/usr/local/bundle/gems/sidekiq-6.0.4/lib/sidekiq/processor.rb:68:in `run'
/usr/local/bundle/gems/sidekiq-6.0.4/lib/sidekiq/util.rb:15:in `watchdog'
/usr/local/bundle/gems/sidekiq-6.0.4/lib/sidekiq/util.rb:24:in `block in safe_thread'
2020-02-25T20:50:23.023Z pid=53 tid=11fp ERROR: Error fetching job: Error connecting to Redis on redis-server:6379 (Errno::ECONNREFUSED)
2020-02-25T20:50:23.023Z pid=53 tid=11fp WARN: Redis::CannotConnectError: Error connecting to Redis on redis-server:6379 (Errno::ECONNREFUSED)
2020-02-25T20:50:23.024Z pid=53 tid=11fp WARN: /usr/local/bundle/gems/redis-4.1.3/lib/redis/client.rb:362:in `rescue in establish_connection'
/usr/local/bundle/gems/redis-4.1.3/lib/redis/client.rb:343:in `establish_connection'
/usr/local/bundle/gems/redis-4.1.3/lib/redis/client.rb:106:in `block in connect'
/usr/local/bundle/gems/redis-4.1.3/lib/redis/client.rb:306:in `with_reconnect'
/usr/local/bundle/gems/redis-4.1.3/lib/redis/client.rb:105:in `connect'
/usr/local/bundle/gems/redis-4.1.3/lib/redis/client.rb:381:in `ensure_connected'
/usr/local/bundle/gems/redis-4.1.3/lib/redis/client.rb:231:in `block in process'
/usr/local/bundle/gems/redis-4.1.3/lib/redis/client.rb:319:in `logging'
/usr/local/bundle/gems/redis-4.1.3/lib/redis/client.rb:230:in `process'
/usr/local/bundle/gems/redis-4.1.3/lib/redis/client.rb:125:in `call'
/usr/local/bundle/gems/redis-4.1.3/lib/redis/client.rb:219:in `block in call_with_timeout'
/usr/local/bundle/gems/redis-4.1.3/lib/redis/client.rb:292:in `with_socket_timeout'
/usr/local/bundle/gems/redis-4.1.3/lib/redis/client.rb:218:in `call_with_timeout'
/usr/local/bundle/gems/redis-4.1.3/lib/redis.rb:1186:in `block in _bpop'
/usr/local/bundle/gems/redis-4.1.3/lib/redis.rb:52:in `block in synchronize'
/usr/local/lib/ruby/2.7.0/monitor.rb:202:in `synchronize'
/usr/local/lib/ruby/2.7.0/monitor.rb:202:in `mon_synchronize'
/usr/local/bundle/gems/redis-4.1.3/lib/redis.rb:52:in `synchronize'
/usr/local/bundle/gems/redis-4.1.3/lib/redis.rb:1183:in `_bpop'
/usr/local/bundle/gems/redis-4.1.3/lib/redis.rb:1228:in `brpop'
/usr/local/bundle/gems/sidekiq-6.0.4/lib/sidekiq/fetch.rb:37:in `block in retrieve_work'
/usr/local/bundle/gems/sidekiq-6.0.4/lib/sidekiq.rb:97:in `block in redis'
/usr/local/bundle/gems/connection_pool-2.2.2/lib/connection_pool.rb:65:in `block (2 levels) in with'
/usr/local/bundle/gems/connection_pool-2.2.2/lib/connection_pool.rb:64:in `handle_interrupt'
/usr/local/bundle/gems/connection_pool-2.2.2/lib/connection_pool.rb:64:in `block in with'
/usr/local/bundle/gems/connection_pool-2.2.2/lib/connection_pool.rb:61:in `handle_interrupt'
/usr/local/bundle/gems/connection_pool-2.2.2/lib/connection_pool.rb:61:in `with'
/usr/local/bundle/gems/sidekiq-6.0.4/lib/sidekiq.rb:94:in `redis'
/usr/local/bundle/gems/sidekiq-6.0.4/lib/sidekiq/fetch.rb:37:in `retrieve_work'
/usr/local/bundle/gems/sidekiq-6.0.4/lib/sidekiq/processor.rb:83:in `get_one'
/usr/local/bundle/gems/sidekiq-6.0.4/lib/sidekiq/processor.rb:95:in `fetch'
/usr/local/bundle/gems/sidekiq-6.0.4/lib/sidekiq/processor.rb:77:in `process_one'
/usr/local/bundle/gems/sidekiq-6.0.4/lib/sidekiq/processor.rb:68:in `run'
/usr/local/bundle/gems/sidekiq-6.0.4/lib/sidekiq/util.rb:15:in `watchdog'
/usr/local/bundle/gems/sidekiq-6.0.4/lib/sidekiq/util.rb:24:in `block in safe_thread'
2020-02-25T20:50:23.025Z pid=53 tid=11h9 ERROR: Error fetching job: Error connecting to Redis on redis-server:6379 (Errno::ECONNREFUSED)
2020-02-25T20:50:23.025Z pid=53 tid=11h9 WARN: Redis::CannotConnectError: Error connecting to Redis on redis-server:6379 (Errno::ECONNREFUSED)
2020-02-25T20:50:23.025Z pid=53 tid=11h9 WARN: /usr/local/bundle/gems/redis-4.1.3/lib/redis/client.rb:362:in `rescue in establish_connection'
/usr/local/bundle/gems/redis-4.1.3/lib/redis/client.rb:343:in `establish_connection'
/usr/local/bundle/gems/redis-4.1.3/lib/redis/client.rb:106:in `block in connect'
/usr/local/bundle/gems/redis-4.1.3/lib/redis/client.rb:306:in `with_reconnect'
/usr/local/bundle/gems/redis-4.1.3/lib/redis/client.rb:105:in `connect'
/usr/local/bundle/gems/redis-4.1.3/lib/redis/client.rb:381:in `ensure_connected'
/usr/local/bundle/gems/redis-4.1.3/lib/redis/client.rb:231:in `block in process'
/usr/local/bundle/gems/redis-4.1.3/lib/redis/client.rb:319:in `logging'
/usr/local/bundle/gems/redis-4.1.3/lib/redis/client.rb:230:in `process'
/usr/local/bundle/gems/redis-4.1.3/lib/redis/client.rb:125:in `call'
/usr/local/bundle/gems/redis-4.1.3/lib/redis/client.rb:219:in `block in call_with_timeout'
/usr/local/bundle/gems/redis-4.1.3/lib/redis/client.rb:292:in `with_socket_timeout'
/usr/local/bundle/gems/redis-4.1.3/lib/redis/client.rb:218:in `call_with_timeout'
/usr/local/bundle/gems/redis-4.1.3/lib/redis.rb:1186:in `block in _bpop'
/usr/local/bundle/gems/redis-4.1.3/lib/redis.rb:52:in `block in synchronize'
/usr/local/lib/ruby/2.7.0/monitor.rb:202:in `synchronize'
/usr/local/lib/ruby/2.7.0/monitor.rb:202:in `mon_synchronize'
/usr/local/bundle/gems/redis-4.1.3/lib/redis.rb:52:in `synchronize'
/usr/local/bundle/gems/redis-4.1.3/lib/redis.rb:1183:in `_bpop'
/usr/local/bundle/gems/redis-4.1.3/lib/redis.rb:1228:in `brpop'
/usr/local/bundle/gems/sidekiq-6.0.4/lib/sidekiq/fetch.rb:37:in `block in retrieve_work'
/usr/local/bundle/gems/sidekiq-6.0.4/lib/sidekiq.rb:97:in `block in redis'
/usr/local/bundle/gems/connection_pool-2.2.2/lib/connection_pool.rb:65:in `block (2 levels) in with'
/usr/local/bundle/gems/connection_pool-2.2.2/lib/connection_pool.rb:64:in `handle_interrupt'
/usr/local/bundle/gems/connection_pool-2.2.2/lib/connection_pool.rb:64:in `block in with'
/usr/local/bundle/gems/connection_pool-2.2.2/lib/connection_pool.rb:61:in `handle_interrupt'
/usr/local/bundle/gems/connection_pool-2.2.2/lib/connection_pool.rb:61:in `with'
/usr/local/bundle/gems/sidekiq-6.0.4/lib/sidekiq.rb:94:in `redis'
/usr/local/bundle/gems/sidekiq-6.0.4/lib/sidekiq/fetch.rb:37:in `retrieve_work'
/usr/local/bundle/gems/sidekiq-6.0.4/lib/sidekiq/processor.rb:83:in `get_one'
/usr/local/bundle/gems/sidekiq-6.0.4/lib/sidekiq/processor.rb:95:in `fetch'
/usr/local/bundle/gems/sidekiq-6.0.4/lib/sidekiq/processor.rb:77:in `process_one'
/usr/local/bundle/gems/sidekiq-6.0.4/lib/sidekiq/processor.rb:68:in `run'
/usr/local/bundle/gems/sidekiq-6.0.4/lib/sidekiq/util.rb:15:in `watchdog'
/usr/local/bundle/gems/sidekiq-6.0.4/lib/sidekiq/util.rb:24:in `block in safe_thread'
2020-02-25T20:50:23.026Z pid=53 tid=11k1 ERROR: Error fetching job: Error connecting to Redis on redis-server:6379 (Errno::ECONNREFUSED)
2020-02-25T20:50:23.026Z pid=53 tid=11k1 WARN: Redis::CannotConnectError: Error connecting to Redis on redis-server:6379 (Errno::ECONNREFUSED)
2020-02-25T20:50:23.026Z pid=53 tid=11k1 WARN: /usr/local/bundle/gems/redis-4.1.3/lib/redis/client.rb:362:in `rescue in establish_connection'
/usr/local/bundle/gems/redis-4.1.3/lib/redis/client.rb:343:in `establish_connection'
/usr/local/bundle/gems/redis-4.1.3/lib/redis/client.rb:106:in `block in connect'
/usr/local/bundle/gems/redis-4.1.3/lib/redis/client.rb:306:in `with_reconnect'
/usr/local/bundle/gems/redis-4.1.3/lib/redis/client.rb:105:in `connect'
/usr/local/bundle/gems/redis-4.1.3/lib/redis/client.rb:381:in `ensure_connected'
/usr/local/bundle/gems/redis-4.1.3/lib/redis/client.rb:231:in `block in process'
/usr/local/bundle/gems/redis-4.1.3/lib/redis/client.rb:319:in `logging'
/usr/local/bundle/gems/redis-4.1.3/lib/redis/client.rb:230:in `process'
/usr/local/bundle/gems/redis-4.1.3/lib/redis/client.rb:125:in `call'
/usr/local/bundle/gems/redis-4.1.3/lib/redis/client.rb:219:in `block in call_with_timeout'
/usr/local/bundle/gems/redis-4.1.3/lib/redis/client.rb:292:in `with_socket_timeout'
/usr/local/bundle/gems/redis-4.1.3/lib/redis/client.rb:218:in `call_with_timeout'
/usr/local/bundle/gems/redis-4.1.3/lib/redis.rb:1186:in `block in _bpop'
/usr/local/bundle/gems/redis-4.1.3/lib/redis.rb:52:in `block in synchronize'
/usr/local/lib/ruby/2.7.0/monitor.rb:202:in `synchronize'
/usr/local/lib/ruby/2.7.0/monitor.rb:202:in `mon_synchronize'
/usr/local/bundle/gems/redis-4.1.3/lib/redis.rb:52:in `synchronize'
/usr/local/bundle/gems/redis-4.1.3/lib/redis.rb:1183:in `_bpop'
/usr/local/bundle/gems/redis-4.1.3/lib/redis.rb:1228:in `brpop'
/usr/local/bundle/gems/sidekiq-6.0.4/lib/sidekiq/fetch.rb:37:in `block in retrieve_work'
/usr/local/bundle/gems/sidekiq-6.0.4/lib/sidekiq.rb:97:in `block in redis'
/usr/local/bundle/gems/connection_pool-2.2.2/lib/connection_pool.rb:65:in `block (2 levels) in with'
/usr/local/bundle/gems/connection_pool-2.2.2/lib/connection_pool.rb:64:in `handle_interrupt'
/usr/local/bundle/gems/connection_pool-2.2.2/lib/connection_pool.rb:64:in `block in with'
/usr/local/bundle/gems/connection_pool-2.2.2/lib/connection_pool.rb:61:in `handle_interrupt'
/usr/local/bundle/gems/connection_pool-2.2.2/lib/connection_pool.rb:61:in `with'
/usr/local/bundle/gems/sidekiq-6.0.4/lib/sidekiq.rb:94:in `redis'
/usr/local/bundle/gems/sidekiq-6.0.4/lib/sidekiq/fetch.rb:37:in `retrieve_work'
/usr/local/bundle/gems/sidekiq-6.0.4/lib/sidekiq/processor.rb:83:in `get_one'
/usr/local/bundle/gems/sidekiq-6.0.4/lib/sidekiq/processor.rb:95:in `fetch'
/usr/local/bundle/gems/sidekiq-6.0.4/lib/sidekiq/processor.rb:77:in `process_one'
/usr/local/bundle/gems/sidekiq-6.0.4/lib/sidekiq/processor.rb:68:in `run'
/usr/local/bundle/gems/sidekiq-6.0.4/lib/sidekiq/util.rb:15:in `watchdog'
/usr/local/bundle/gems/sidekiq-6.0.4/lib/sidekiq/util.rb:24:in `block in safe_thread'
2020-02-25T20:50:23.027Z pid=53 tid=11ip ERROR: Error fetching job: Error connecting to Redis on redis-server:6379 (Errno::ECONNREFUSED)
2020-02-25T20:50:23.027Z pid=53 tid=11ip WARN: Redis::CannotConnectError: Error connecting to Redis on redis-server:6379 (Errno::ECONNREFUSED)
2020-02-25T20:50:23.027Z pid=53 tid=11ip WARN: /usr/local/bundle/gems/redis-4.1.3/lib/redis/client.rb:362:in `rescue in establish_connection'
/usr/local/bundle/gems/redis-4.1.3/lib/redis/client.rb:343:in `establish_connection'
/usr/local/bundle/gems/redis-4.1.3/lib/redis/client.rb:106:in `block in connect'
/usr/local/bundle/gems/redis-4.1.3/lib/redis/client.rb:306:in `with_reconnect'
/usr/local/bundle/gems/redis-4.1.3/lib/redis/client.rb:105:in `connect'
/usr/local/bundle/gems/redis-4.1.3/lib/redis/client.rb:381:in `ensure_connected'
/usr/local/bundle/gems/redis-4.1.3/lib/redis/client.rb:231:in `block in process'
/usr/local/bundle/gems/redis-4.1.3/lib/redis/client.rb:319:in `logging'
/usr/local/bundle/gems/redis-4.1.3/lib/redis/client.rb:230:in `process'
/usr/local/bundle/gems/redis-4.1.3/lib/redis/client.rb:125:in `call'
/usr/local/bundle/gems/redis-4.1.3/lib/redis/client.rb:219:in `block in call_with_timeout'
/usr/local/bundle/gems/redis-4.1.3/lib/redis/client.rb:292:in `with_socket_timeout'
/usr/local/bundle/gems/redis-4.1.3/lib/redis/client.rb:218:in `call_with_timeout'
/usr/local/bundle/gems/redis-4.1.3/lib/redis.rb:1186:in `block in _bpop'
/usr/local/bundle/gems/redis-4.1.3/lib/redis.rb:52:in `block in synchronize'
/usr/local/lib/ruby/2.7.0/monitor.rb:202:in `synchronize'
/usr/local/lib/ruby/2.7.0/monitor.rb:202:in `mon_synchronize'
/usr/local/bundle/gems/redis-4.1.3/lib/redis.rb:52:in `synchronize'
/usr/local/bundle/gems/redis-4.1.3/lib/redis.rb:1183:in `_bpop'
/usr/local/bundle/gems/redis-4.1.3/lib/redis.rb:1228:in `brpop'
/usr/local/bundle/gems/sidekiq-6.0.4/lib/sidekiq/fetch.rb:37:in `block in retrieve_work'
/usr/local/bundle/gems/sidekiq-6.0.4/lib/sidekiq.rb:97:in `block in redis'
/usr/local/bundle/gems/connection_pool-2.2.2/lib/connection_pool.rb:65:in `block (2 levels) in with'
/usr/local/bundle/gems/connection_pool-2.2.2/lib/connection_pool.rb:64:in `handle_interrupt'
/usr/local/bundle/gems/connection_pool-2.2.2/lib/connection_pool.rb:64:in `block in with'
/usr/local/bundle/gems/connection_pool-2.2.2/lib/connection_pool.rb:61:in `handle_interrupt'
/usr/local/bundle/gems/connection_pool-2.2.2/lib/connection_pool.rb:61:in `with'
/usr/local/bundle/gems/sidekiq-6.0.4/lib/sidekiq.rb:94:in `redis'
/usr/local/bundle/gems/sidekiq-6.0.4/lib/sidekiq/fetch.rb:37:in `retrieve_work'
/usr/local/bundle/gems/sidekiq-6.0.4/lib/sidekiq/processor.rb:83:in `get_one'
/usr/local/bundle/gems/sidekiq-6.0.4/lib/sidekiq/processor.rb:95:in `fetch'
/usr/local/bundle/gems/sidekiq-6.0.4/lib/sidekiq/processor.rb:77:in `process_one'
/usr/local/bundle/gems/sidekiq-6.0.4/lib/sidekiq/processor.rb:68:in `run'
/usr/local/bundle/gems/sidekiq-6.0.4/lib/sidekiq/util.rb:15:in `watchdog'
/usr/local/bundle/gems/sidekiq-6.0.4/lib/sidekiq/util.rb:24:in `block in safe_thread'
2020-02-25T20:50:23.011Z pid=53 tid=11i1 WARN: Redis::CannotConnectError: Error connecting to Redis on redis-server:6379 (Errno::ECONNREFUSED)
2020-02-25T20:50:23.027Z pid=53 tid=11i1 WARN: /usr/local/bundle/gems/redis-4.1.3/lib/redis/client.rb:362:in `rescue in establish_connection'
/usr/local/bundle/gems/redis-4.1.3/lib/redis/client.rb:343:in `establish_connection'
/usr/local/bundle/gems/redis-4.1.3/lib/redis/client.rb:106:in `block in connect'
/usr/local/bundle/gems/redis-4.1.3/lib/redis/client.rb:306:in `with_reconnect'
/usr/local/bundle/gems/redis-4.1.3/lib/redis/client.rb:105:in `connect'
/usr/local/bundle/gems/redis-4.1.3/lib/redis/client.rb:381:in `ensure_connected'
/usr/local/bundle/gems/redis-4.1.3/lib/redis/client.rb:231:in `block in process'
/usr/local/bundle/gems/redis-4.1.3/lib/redis/client.rb:319:in `logging'
/usr/local/bundle/gems/redis-4.1.3/lib/redis/client.rb:230:in `process'
/usr/local/bundle/gems/redis-4.1.3/lib/redis/client.rb:125:in `call'
/usr/local/bundle/gems/redis-4.1.3/lib/redis/client.rb:219:in `block in call_with_timeout'
/usr/local/bundle/gems/redis-4.1.3/lib/redis/client.rb:292:in `with_socket_timeout'
/usr/local/bundle/gems/redis-4.1.3/lib/redis/client.rb:218:in `call_with_timeout'
/usr/local/bundle/gems/redis-4.1.3/lib/redis.rb:1186:in `block in _bpop'
/usr/local/bundle/gems/redis-4.1.3/lib/redis.rb:52:in `block in synchronize'
/usr/local/lib/ruby/2.7.0/monitor.rb:202:in `synchronize'
/usr/local/lib/ruby/2.7.0/monitor.rb:202:in `mon_synchronize'
/usr/local/bundle/gems/redis-4.1.3/lib/redis.rb:52:in `synchronize'
/usr/local/bundle/gems/redis-4.1.3/lib/redis.rb:1183:in `_bpop'
/usr/local/bundle/gems/redis-4.1.3/lib/redis.rb:1228:in `brpop'
/usr/local/bundle/gems/sidekiq-6.0.4/lib/sidekiq/fetch.rb:37:in `block in retrieve_work'
/usr/local/bundle/gems/sidekiq-6.0.4/lib/sidekiq.rb:97:in `block in redis'
/usr/local/bundle/gems/connection_pool-2.2.2/lib/connection_pool.rb:65:in `block (2 levels) in with'
/usr/local/bundle/gems/connection_pool-2.2.2/lib/connection_pool.rb:64:in `handle_interrupt'
/usr/local/bundle/gems/connection_pool-2.2.2/lib/connection_pool.rb:64:in `block in with'
/usr/local/bundle/gems/connection_pool-2.2.2/lib/connection_pool.rb:61:in `handle_interrupt'
/usr/local/bundle/gems/connection_pool-2.2.2/lib/connection_pool.rb:61:in `with'
/usr/local/bundle/gems/sidekiq-6.0.4/lib/sidekiq.rb:94:in `redis'
/usr/local/bundle/gems/sidekiq-6.0.4/lib/sidekiq/fetch.rb:37:in `retrieve_work'
/usr/local/bundle/gems/sidekiq-6.0.4/lib/sidekiq/processor.rb:83:in `get_one'
/usr/local/bundle/gems/sidekiq-6.0.4/lib/sidekiq/processor.rb:95:in `fetch'
/usr/local/bundle/gems/sidekiq-6.0.4/lib/sidekiq/processor.rb:77:in `process_one'
/usr/local/bundle/gems/sidekiq-6.0.4/lib/sidekiq/processor.rb:68:in `run'
/usr/local/bundle/gems/sidekiq-6.0.4/lib/sidekiq/util.rb:15:in `watchdog'
/usr/local/bundle/gems/sidekiq-6.0.4/lib/sidekiq/util.rb:24:in `block in safe_thread'
2020-02-25T20:50:23.018Z pid=53 tid=11kl ERROR: Error fetching job: Error connecting to Redis on redis-server:6379 (Errno::ECONNREFUSED)
2020-02-25T20:50:23.028Z pid=53 tid=11kl WARN: Redis::CannotConnectError: Error connecting to Redis on redis-server:6379 (Errno::ECONNREFUSED)
2020-02-25T20:50:23.028Z pid=53 tid=11kl WARN: /usr/local/bundle/gems/redis-4.1.3/lib/redis/client.rb:362:in `rescue in establish_connection'
/usr/local/bundle/gems/redis-4.1.3/lib/redis/client.rb:343:in `establish_connection'
/usr/local/bundle/gems/redis-4.1.3/lib/redis/client.rb:106:in `block in connect'
/usr/local/bundle/gems/redis-4.1.3/lib/redis/client.rb:306:in `with_reconnect'
/usr/local/bundle/gems/redis-4.1.3/lib/redis/client.rb:105:in `connect'
/usr/local/bundle/gems/redis-4.1.3/lib/redis/client.rb:381:in `ensure_connected'
/usr/local/bundle/gems/redis-4.1.3/lib/redis/client.rb:231:in `block in process'
/usr/local/bundle/gems/redis-4.1.3/lib/redis/client.rb:319:in `logging'
/usr/local/bundle/gems/redis-4.1.3/lib/redis/client.rb:230:in `process'
/usr/local/bundle/gems/redis-4.1.3/lib/redis/client.rb:125:in `call'
/usr/local/bundle/gems/redis-4.1.3/lib/redis/client.rb:219:in `block in call_with_timeout'
/usr/local/bundle/gems/redis-4.1.3/lib/redis/client.rb:292:in `with_socket_timeout'
/usr/local/bundle/gems/redis-4.1.3/lib/redis/client.rb:218:in `call_with_timeout'
/usr/local/bundle/gems/redis-4.1.3/lib/redis.rb:1186:in `block in _bpop'
/usr/local/bundle/gems/redis-4.1.3/lib/redis.rb:52:in `block in synchronize'
/usr/local/lib/ruby/2.7.0/monitor.rb:202:in `synchronize'
/usr/local/lib/ruby/2.7.0/monitor.rb:202:in `mon_synchronize'
/usr/local/bundle/gems/redis-4.1.3/lib/redis.rb:52:in `synchronize'
/usr/local/bundle/gems/redis-4.1.3/lib/redis.rb:1183:in `_bpop'
/usr/local/bundle/gems/redis-4.1.3/lib/redis.rb:1228:in `brpop'
/usr/local/bundle/gems/sidekiq-6.0.4/lib/sidekiq/fetch.rb:37:in `block in retrieve_work'
/usr/local/bundle/gems/sidekiq-6.0.4/lib/sidekiq.rb:97:in `block in redis'
/usr/local/bundle/gems/connection_pool-2.2.2/lib/connection_pool.rb:65:in `block (2 levels) in with'
/usr/local/bundle/gems/connection_pool-2.2.2/lib/connection_pool.rb:64:in `handle_interrupt'
/usr/local/bundle/gems/connection_pool-2.2.2/lib/connection_pool.rb:64:in `block in with'
/usr/local/bundle/gems/connection_pool-2.2.2/lib/connection_pool.rb:61:in `handle_interrupt'
/usr/local/bundle/gems/connection_pool-2.2.2/lib/connection_pool.rb:61:in `with'
/usr/local/bundle/gems/sidekiq-6.0.4/lib/sidekiq.rb:94:in `redis'
/usr/local/bundle/gems/sidekiq-6.0.4/lib/sidekiq/fetch.rb:37:in `retrieve_work'
/usr/local/bundle/gems/sidekiq-6.0.4/lib/sidekiq/processor.rb:83:in `get_one'
/usr/local/bundle/gems/sidekiq-6.0.4/lib/sidekiq/processor.rb:95:in `fetch'
/usr/local/bundle/gems/sidekiq-6.0.4/lib/sidekiq/processor.rb:77:in `process_one'
/usr/local/bundle/gems/sidekiq-6.0.4/lib/sidekiq/processor.rb:68:in `run'
/usr/local/bundle/gems/sidekiq-6.0.4/lib/sidekiq/util.rb:15:in `watchdog'
/usr/local/bundle/gems/sidekiq-6.0.4/lib/sidekiq/util.rb:24:in `block in safe_thread'
2020-02-25T20:50:23.030Z pid=53 tid=11dt ERROR: Error fetching job: Error connecting to Redis on redis-server:6379 (Errno::ECONNREFUSED)
2020-02-25T20:50:23.030Z pid=53 tid=11dt WARN: Redis::CannotConnectError: Error connecting to Redis on redis-server:6379 (Errno::ECONNREFUSED)
2020-02-25T20:50:23.030Z pid=53 tid=11dt WARN: /usr/local/bundle/gems/redis-4.1.3/lib/redis/client.rb:362:in `rescue in establish_connection'
/usr/local/bundle/gems/redis-4.1.3/lib/redis/client.rb:343:in `establish_connection'
/usr/local/bundle/gems/redis-4.1.3/lib/redis/client.rb:106:in `block in connect'
/usr/local/bundle/gems/redis-4.1.3/lib/redis/client.rb:306:in `with_reconnect'
/usr/local/bundle/gems/redis-4.1.3/lib/redis/client.rb:105:in `connect'
/usr/local/bundle/gems/redis-4.1.3/lib/redis/client.rb:381:in `ensure_connected'
/usr/local/bundle/gems/redis-4.1.3/lib/redis/client.rb:231:in `block in process'
/usr/local/bundle/gems/redis-4.1.3/lib/redis/client.rb:319:in `logging'
/usr/local/bundle/gems/redis-4.1.3/lib/redis/client.rb:230:in `process'
/usr/local/bundle/gems/redis-4.1.3/lib/redis/client.rb:125:in `call'
/usr/local/bundle/gems/redis-4.1.3/lib/redis/client.rb:219:in `block in call_with_timeout'
/usr/local/bundle/gems/redis-4.1.3/lib/redis/client.rb:292:in `with_socket_timeout'
/usr/local/bundle/gems/redis-4.1.3/lib/redis/client.rb:218:in `call_with_timeout'
/usr/local/bundle/gems/redis-4.1.3/lib/redis.rb:1186:in `block in _bpop'
/usr/local/bundle/gems/redis-4.1.3/lib/redis.rb:52:in `block in synchronize'
/usr/local/lib/ruby/2.7.0/monitor.rb:202:in `synchronize'
/usr/local/lib/ruby/2.7.0/monitor.rb:202:in `mon_synchronize'
/usr/local/bundle/gems/redis-4.1.3/lib/redis.rb:52:in `synchronize'
/usr/local/bundle/gems/redis-4.1.3/lib/redis.rb:1183:in `_bpop'
/usr/local/bundle/gems/redis-4.1.3/lib/redis.rb:1228:in `brpop'
/usr/local/bundle/gems/sidekiq-6.0.4/lib/sidekiq/fetch.rb:37:in `block in retrieve_work'
/usr/local/bundle/gems/sidekiq-6.0.4/lib/sidekiq.rb:97:in `block in redis'
/usr/local/bundle/gems/connection_pool-2.2.2/lib/connection_pool.rb:65:in `block (2 levels) in with'
/usr/local/bundle/gems/connection_pool-2.2.2/lib/connection_pool.rb:64:in `handle_interrupt'
/usr/local/bundle/gems/connection_pool-2.2.2/lib/connection_pool.rb:64:in `block in with'
/usr/local/bundle/gems/connection_pool-2.2.2/lib/connection_pool.rb:61:in `handle_interrupt'
/usr/local/bundle/gems/connection_pool-2.2.2/lib/connection_pool.rb:61:in `with'
/usr/local/bundle/gems/sidekiq-6.0.4/lib/sidekiq.rb:94:in `redis'
/usr/local/bundle/gems/sidekiq-6.0.4/lib/sidekiq/fetch.rb:37:in `retrieve_work'
/usr/local/bundle/gems/sidekiq-6.0.4/lib/sidekiq/processor.rb:83:in `get_one'
/usr/local/bundle/gems/sidekiq-6.0.4/lib/sidekiq/processor.rb:95:in `fetch'
/usr/local/bundle/gems/sidekiq-6.0.4/lib/sidekiq/processor.rb:77:in `process_one'
/usr/local/bundle/gems/sidekiq-6.0.4/lib/sidekiq/processor.rb:68:in `run'
/usr/local/bundle/gems/sidekiq-6.0.4/lib/sidekiq/util.rb:15:in `watchdog'
/usr/local/bundle/gems/sidekiq-6.0.4/lib/sidekiq/util.rb:24:in `block in safe_thread'
